<?xml version="1.0" encoding="UTF-8"?>
<testsuite xmlns:xsi="http://www.w3.org/2001/XMLSchema-instance" xsi:noNamespaceSchemaLocation="https://maven.apache.org/surefire/maven-surefire-plugin/xsd/surefire-test-report.xsd" name="com.fan.BankOnlineApplicationTests" time="16.037" tests="3" errors="0" skipped="0" failures="0">
  <properties>
[...]
</properties>
  <testcase name="loginTest" classname="com.fan.BankOnlineApplicationTests" time="4.766"/>
  <testcase name="testUpdateMoney" classname="com.fan.BankOnlineApplicationTests" time="0.459"/>
  <testcase name="testInsertRecord" classname="com.fan.BankOnlineApplicationTests" time="0.064"/>
</testsuite>